[1 of 2] Compiling Main             ( /tmp/stack12314/network-2.6.3.6/Setup.hs, /tmp/stack12314/network-2.6.3.6/.stack-work/dist/x86_64-linux-tinfo6/Cabal-2.2.0.1/setup/Main.o )
[2 of 2] Compiling StackSetupShim   ( /home/chips/.stack/setup-exe-src/setup-shim-mPHDZzAJ.hs, /tmp/stack12314/network-2.6.3.6/.stack-work/dist/x86_64-linux-tinfo6/Cabal-2.2.0.1/setup/StackSetupShim.o )
Linking /tmp/stack12314/network-2.6.3.6/.stack-work/dist/x86_64-linux-tinfo6/Cabal-2.2.0.1/setup/setup ...
Configuring network-2.6.3.6...
configure: WARNING: unrecognized options: --with-compiler
checking build system type... x86_64-pc-linux-gnu
checking host system type... x86_64-pc-linux-gnu
checking for gcc... /usr/bin/gcc
checking whether the C compiler works... yes
checking for C compiler default output file name... a.out
checking for suffix of executables... 
checking whether we are cross compiling... no
checking for suffix of object files... o
checking whether we are using the GNU C compiler... yes
checking whether /usr/bin/gcc accepts -g... yes
checking for /usr/bin/gcc option to accept ISO C89... none needed
checking for an ANSI C-conforming const... yes
checking how to run the C preprocessor... /usr/bin/gcc -E
checking for grep that handles long lines and -e... /usr/bin/grep
checking for egrep... /usr/bin/grep -E
checking for ANSI C header files... yes
checking for sys/types.h... yes
checking for sys/stat.h... yes
checking for stdlib.h... yes
checking for string.h... yes
checking for memory.h... yes
checking for strings.h... yes
checking for inttypes.h... yes
checking for stdint.h... yes
checking for unistd.h... yes
checking fcntl.h usability... yes
checking fcntl.h presence... yes
checking for fcntl.h... yes
checking limits.h usability... yes
checking limits.h presence... yes
checking for limits.h... yes
checking for stdlib.h... (cached) yes
checking for sys/types.h... (cached) yes
checking for unistd.h... (cached) yes
checking winsock2.h usability... no
checking winsock2.h presence... no
checking for winsock2.h... no
checking ws2tcpip.h usability... no
checking ws2tcpip.h presence... no
checking for ws2tcpip.h... no
checking arpa/inet.h usability... yes
checking arpa/inet.h presence... yes
checking for arpa/inet.h... yes
checking netdb.h usability... yes
checking netdb.h presence... yes
checking for netdb.h... yes
checking netinet/in.h usability... yes
checking netinet/in.h presence... yes
checking for netinet/in.h... yes
checking netinet/tcp.h usability... yes
checking netinet/tcp.h presence... yes
checking for netinet/tcp.h... yes
checking sys/socket.h usability... yes
checking sys/socket.h presence... yes
checking for sys/socket.h... yes
checking sys/uio.h usability... yes
checking sys/uio.h presence... yes
checking for sys/uio.h... yes
checking sys/un.h usability... yes
checking sys/un.h presence... yes
checking for sys/un.h... yes
checking linux/can.h usability... yes
checking linux/can.h presence... yes
checking for linux/can.h... yes
checking linux/tcp.h usability... yes
checking linux/tcp.h presence... yes
checking for linux/tcp.h... yes
checking net/if.h usability... yes
checking net/if.h presence... yes
checking for net/if.h... yes
checking for readlink... yes
checking for symlink... yes
checking for if_nametoindex... yes
checking for struct msghdr.msg_control... yes
checking for struct msghdr.msg_accrights... no
checking for struct sockaddr.sa_len... no
checking for in_addr_t in netinet/in.h... yes
checking for SO_PEERCRED and struct ucred in sys/socket.h... yes
checking for getpeereid in unistd.h... checking for getpeereid... no
checking for _head_libws2_32_a in -lws2_32... no
checking for getaddrinfo... yes
checking for gai_strerror... yes
checking whether AI_ADDRCONFIG is declared... yes
checking whether AI_ALL is declared... yes
checking whether AI_NUMERICSERV is declared... yes
checking whether AI_V4MAPPED is declared... yes
checking whether IPV6_V6ONLY is declared... yes
checking whether IPPROTO_IP is declared... yes
checking whether IPPROTO_TCP is declared... yes
checking whether IPPROTO_IPV6 is declared... yes
checking for sendfile in sys/sendfile.h... yes
checking for sendfile in sys/socket.h... no
checking for gethostent... yes
checking for accept4... yes
configure: creating ./config.status
config.status: creating network.buildinfo
config.status: creating include/HsNetworkConfig.h
configure: WARNING: unrecognized options: --with-compiler
Preprocessing library for network-2.6.3.6..
Building library for network-2.6.3.6..
[ 1 of 11] Compiling Network.Socket.ByteString.IOVec ( .stack-work/dist/x86_64-linux-tinfo6/Cabal-2.2.0.1/build/Network/Socket/ByteString/IOVec.hs, .stack-work/dist/x86_64-linux-tinfo6/Cabal-2.2.0.1/build/Network/Socket/ByteString/IOVec.o )
[ 2 of 11] Compiling Network.Socket.Types ( .stack-work/dist/x86_64-linux-tinfo6/Cabal-2.2.0.1/build/Network/Socket/Types.hs, .stack-work/dist/x86_64-linux-tinfo6/Cabal-2.2.0.1/build/Network/Socket/Types.o )
[ 3 of 11] Compiling Network.Socket.Internal ( .stack-work/dist/x86_64-linux-tinfo6/Cabal-2.2.0.1/build/Network/Socket/Internal.hs, .stack-work/dist/x86_64-linux-tinfo6/Cabal-2.2.0.1/build/Network/Socket/Internal.o )
[ 4 of 11] Compiling Network.Socket   ( .stack-work/dist/x86_64-linux-tinfo6/Cabal-2.2.0.1/build/Network/Socket.hs, .stack-work/dist/x86_64-linux-tinfo6/Cabal-2.2.0.1/build/Network/Socket.o )

[;1mNetwork/Socket.hsc:381:16: [;1m[35mwarning:[0m[0m[;1m [[;1m[35m-Wdeprecations[0m[0m[;1m][0m[0m[;1m
    In the use of data constructor ‘SockAddrCan’
    (imported from Network.Socket.Types):
    Deprecated: "This will be removed in 3.0"[0m[0m
[;1m[34m    |[0m[0m
[;1m[34m381 |[0m[0m   showsPrec _ ([;1m[35mSockAddrCan[0m[0m ifidx) = shows ifidx
[;1m[34m    |[0m[0m[;1m[35m                ^^^^^^^^^^^[0m[0m
[0m[0m[0m
[;1mNetwork/Socket.hsc:581:8: [;1m[35mwarning:[0m[0m[;1m [[;1m[35m-Wunused-matches[0m[0m[;1m][0m[0m[;1m
    Defined but not used: ‘sock’[0m[0m
[;1m[34m    |[0m[0m
[;1m[34m581 |[0m[0m accept [;1m[35msock[0m[0m@(MkSocket s family stype protocol status) = do
[;1m[34m    |[0m[0m[;1m[35m        ^^^^[0m[0m
[0m[0m[0m[ 5 of 11] Compiling Network.Socket.ByteString.MsgHdr ( .stack-work/dist/x86_64-linux-tinfo6/Cabal-2.2.0.1/build/Network/Socket/ByteString/MsgHdr.hs, .stack-work/dist/x86_64-linux-tinfo6/Cabal-2.2.0.1/build/Network/Socket/ByteString/MsgHdr.o )
[ 6 of 11] Compiling Network.Socket.ByteString.Internal ( Network/Socket/ByteString/Internal.hs, .stack-work/dist/x86_64-linux-tinfo6/Cabal-2.2.0.1/build/Network/Socket/ByteString/Internal.o )
[ 7 of 11] Compiling Network.Socket.ByteString.Lazy.Posix ( Network/Socket/ByteString/Lazy/Posix.hs, .stack-work/dist/x86_64-linux-tinfo6/Cabal-2.2.0.1/build/Network/Socket/ByteString/Lazy/Posix.o )
[ 8 of 11] Compiling Network.Socket.ByteString ( .stack-work/dist/x86_64-linux-tinfo6/Cabal-2.2.0.1/build/Network/Socket/ByteString.hs, .stack-work/dist/x86_64-linux-tinfo6/Cabal-2.2.0.1/build/Network/Socket/ByteString.o )
[ 9 of 11] Compiling Network.Socket.ByteString.Lazy ( Network/Socket/ByteString/Lazy.hs, .stack-work/dist/x86_64-linux-tinfo6/Cabal-2.2.0.1/build/Network/Socket/ByteString/Lazy.o )
[10 of 11] Compiling Network.BSD      ( .stack-work/dist/x86_64-linux-tinfo6/Cabal-2.2.0.1/build/Network/BSD.hs, .stack-work/dist/x86_64-linux-tinfo6/Cabal-2.2.0.1/build/Network/BSD.o )
[11 of 11] Compiling Network          ( Network.hs, .stack-work/dist/x86_64-linux-tinfo6/Cabal-2.2.0.1/build/Network.o )
ignoring (possibly broken) abi-depends field for packages
Installing library in /home/chips/.stack/snapshots/x86_64-linux-tinfo6/lts-12.11/8.4.3/lib/x86_64-linux-ghc-8.4.3/network-2.6.3.6-2g6VId0Xlc85XRtUcfQj0T
Registering library for network-2.6.3.6..
